09:09:39.943 [TestNG-tests-3] INFO  academy.ValidateTitle - Driver is Initialized
09:10:03.919 [TestNG-tests-2] INFO  academy.ValidateNavBar - Verfied if the navigation is displayed
09:10:20.178 [TestNG-tests-3] INFO  academy.ValidateTitle - Navigate to HomePage
09:10:38.467 [TestNG-tests-1] INFO  academy.HomePage - Clicked the No Thanks Button
09:10:41.943 [TestNG-tests-1] INFO  academy.HomePage - Clicked the login Button
09:49:57.090 [main] INFO  academy.HomePage - Clicked the No Thanks Button
09:49:59.345 [main] INFO  academy.HomePage - Clicked the login Button
09:54:24.406 [main] INFO  academy.HomePage - Clicked the No Thanks Button
09:54:26.510 [main] INFO  academy.HomePage - Clicked the login Button
09:56:16.328 [main] INFO  academy.HomePage - Clicked the No Thanks Button
09:56:18.475 [main] INFO  academy.HomePage - Clicked the login Button
09:57:26.029 [main] INFO  academy.ValidateNavBar - Verfied if the navigation is displayed
09:57:27.642 [main] INFO  academy.ValidateTitle - Driver is Initialized
09:57:49.087 [main] INFO  academy.ValidateTitle - Navigate to HomePage
09:59:40.545 [main] INFO  academy.HomePage - Clicked the No Thanks Button
09:59:42.633 [main] INFO  academy.HomePage - Clicked the login Button
10:00:02.644 [main] INFO  academy.HomePage - Clicked the No Thanks Button
10:00:03.755 [main] INFO  academy.HomePage - Clicked the login Button
10:00:23.065 [main] INFO  academy.ValidateNavBar - Verfied if the navigation is displayed
10:00:24.621 [main] INFO  academy.ValidateTitle - Driver is Initialized
10:00:43.219 [main] INFO  academy.ValidateTitle - Navigate to HomePage
10:58:17.574 [TestNG-tests-3] INFO  academy.ValidateTitle - Driver is Initialized
10:58:41.667 [TestNG-tests-3] INFO  academy.ValidateTitle - Navigate to HomePage
10:58:41.780 [TestNG-tests-1] INFO  academy.HomePage - Clicked the No Thanks Button
10:58:42.013 [TestNG-tests-2] INFO  academy.ValidateNavBar - Verfied if the navigation is displayed
10:58:44.033 [TestNG-tests-1] INFO  academy.HomePage - Clicked the login Button
10:59:03.802 [TestNG-tests-1] INFO  academy.HomePage - Clicked the No Thanks Button
10:59:05.124 [TestNG-tests-1] INFO  academy.HomePage - Clicked the login Button
11:18:19.251 [main] INFO  academy.HomePage - Clicked the No Thanks Button
11:18:20.402 [main] INFO  academy.HomePage - Clicked the login Button
11:18:36.538 [main] INFO  academy.HomePage - Clicked the No Thanks Button
11:18:37.641 [main] INFO  academy.HomePage - Clicked the login Button
11:21:26.007 [main] INFO  academy.HomePage - Clicked the No Thanks Button
11:21:29.139 [main] INFO  academy.HomePage - Clicked the login Button
11:21:29.299 [main] INFO  academy.HomePage - Inside Reset Page
11:21:29.299 [main] INFO  academy.HomePage - Extered email
11:21:54.578 [main] INFO  academy.HomePage - Clicked the No Thanks Button
11:21:55.723 [main] INFO  academy.HomePage - Clicked the login Button
11:21:55.902 [main] INFO  academy.HomePage - Inside Reset Page
11:21:55.903 [main] INFO  academy.HomePage - Extered email
11:26:29.857 [main] INFO  academy.HomePage - Clicked the No Thanks Button
11:26:30.978 [main] INFO  academy.HomePage - Clicked the login Button
11:26:31.194 [main] INFO  academy.HomePage - Inside Reset Page
11:26:31.195 [main] INFO  academy.HomePage - Entered email
11:26:50.634 [main] INFO  academy.HomePage - Clicked the No Thanks Button
11:26:51.765 [main] INFO  academy.HomePage - Clicked the login Button
11:26:51.933 [main] INFO  academy.HomePage - Inside Reset Page
11:26:51.933 [main] INFO  academy.HomePage - Entered email
11:27:45.332 [main] INFO  academy.HomePage - Clicked the No Thanks Button
11:27:46.685 [main] INFO  academy.HomePage - Clicked the login Button
11:27:46.852 [main] INFO  academy.HomePage - Inside Reset Page
11:27:46.852 [main] INFO  academy.HomePage - Entered email
11:28:06.064 [main] INFO  academy.HomePage - Clicked the No Thanks Button
11:28:07.157 [main] INFO  academy.HomePage - Clicked the login Button
11:28:07.325 [main] INFO  academy.HomePage - Inside Reset Page
11:28:07.326 [main] INFO  academy.HomePage - Entered email
12:22:07.439 [TestNG-tests-3] INFO  academy.ValidateTitle - Driver is Initialized
12:22:33.331 [TestNG-tests-3] INFO  academy.ValidateTitle - Navigate to HomePage
12:22:33.441 [TestNG-tests-2] INFO  academy.ValidateNavBar - Verfied if the navigation is displayed
12:22:33.516 [TestNG-tests-1] INFO  academy.HomePage - Clicked the No Thanks Button
12:22:35.719 [TestNG-tests-1] INFO  academy.HomePage - Clicked the login Button
12:22:35.887 [TestNG-tests-1] INFO  academy.HomePage - Inside Reset Page
12:22:35.888 [TestNG-tests-1] INFO  academy.HomePage - Entered email
12:22:56.811 [TestNG-tests-1] INFO  academy.HomePage - Clicked the No Thanks Button
12:22:57.910 [TestNG-tests-1] INFO  academy.HomePage - Clicked the login Button
12:22:58.079 [TestNG-tests-1] INFO  academy.HomePage - Inside Reset Page
12:22:58.079 [TestNG-tests-1] INFO  academy.HomePage - Entered email
